<?xml version="1.0" encoding="UTF-8"?>
<testsuite xmlns:xsi="http://www.w3.org/2001/XMLSchema-instance" xsi:noNamespaceSchemaLocation="https://maven.apache.org/surefire/maven-surefire-plugin/xsd/surefire-test-report-3.0.xsd" version="3.0" name="com.enoda.tests.dmo.ModelTests" time="5.884" tests="3" errors="0" skipped="0" failures="0">
  <properties>
[...]
</properties>
  <testcase name="Test001" classname="com.enoda.tests.dmo.ModelTests" time="0.083">
    <system-err><![CDATA[Dec 01, 2025 9:42:14 AM org.jboss.logmanager.JBossLoggerFinder getLogger
ERROR: The LogManager accessed before the "java.util.logging.manager" system property was set to "org.jboss.logmanager.LogManager". Results may be unexpected.
Dec 01, 2025 9:42:15 AM com.enoda.tests.dmo.Setup beforeAll
INFO: Started embedded PostgreSQL
Dec 01, 2025 9:42:16 AM org.hibernate.jpa.internal.util.LogHelper logPersistenceUnitInformation
INFO: HHH000204: Processing PersistenceUnitInfo [name: dmo]
Dec 01, 2025 9:42:16 AM org.hibernate.Version logVersion
INFO: HHH000412: Hibernate ORM core version 6.6.1.Final
Dec 01, 2025 9:42:16 AM org.hibernate.cache.internal.RegionFactoryInitiator initiateService
INFO: HHH000026: Second-level cache disabled
Dec 01, 2025 9:42:16 AM org.hibernate.engine.jdbc.connections.internal.DriverManagerConnectionProviderImpl configure
WARN: HHH10001002: Using built-in connection pool (not intended for production use)
Dec 01, 2025 9:42:16 AM org.hibernate.engine.jdbc.dialect.internal.DialectFactoryImpl constructDialect
WARN: HHH90000025: PostgreSQLDialect does not need to be specified explicitly using 'hibernate.dialect' (remove the property setting and it will be selected by default)
Dec 01, 2025 9:42:16 AM org.hibernate.engine.jdbc.env.internal.JdbcEnvironmentInitiator initiateService
INFO: HHH10001005: Database info:
	Database JDBC URL [jdbc:postgresql://localhost:5432/dmo]
	Database driver: org.postgresql.Driver
	Database version: 14.10
	Autocommit mode: true
	Isolation level: undefined/unknown
	Minimum pool size: 1
	Maximum pool size: 20
Dec 01, 2025 9:42:16 AM org.hibernate.resource.beans.spi.ManagedBeanRegistryInitiator resolveBeanContainer
INFO: HHH10005002: No explicit CDI BeanManager reference was passed to Hibernate, but CDI is available on the Hibernate ClassLoader.
Dec 01, 2025 9:42:18 AM org.hibernate.engine.transaction.jta.platform.internal.JtaPlatformInitiator initiateService
INFO: HHH000490: Using JTA platform [org.hibernate.engine.transaction.jta.platform.internal.JBossStandAloneJtaPlatform]
]]></system-err>
  </testcase>
  <testcase name="Test002" classname="com.enoda.tests.dmo.ModelTests" time="0.016"/>
  <testcase name="Test003" classname="com.enoda.tests.dmo.ModelTests" time="0.154"/>
</testsuite>